<?xml version="1.0" encoding="UTF-8"?>
<!-- Generated by org.testng.reporters.JUnitXMLReporter -->
<testsuite ignored="5" hostname="L-INE-JDPCQG3" failures="2" tests="24" name="ReqresRestAPISuite" time="7.04" errors="0" timestamp="2023-11-27T11:02:30 IST">
  <testcase classname="com.reqres.TestCases.TC002_GET_SingleUser" name="checkResponseBody" time="0.078"/>
  <testcase classname="com.reqres.TestCases.TC002_GET_SingleUser" name="checkStatusCode" time="0.008"/>
  <testcase classname="com.reqres.TestCases.TC002_GET_SingleUser" name="checkStatusLine" time="0.005"/>
  <testcase classname="com.reqres.TestCases.TC002_GET_SingleUser" name="checkResponseTime" time="0.006"/>
  <testcase classname="com.reqres.TestCases.TC002_GET_SingleUser" name="checkContentType" time="0.004"/>
  <testcase classname="com.reqres.TestCases.TC001_GET_AllUsers" name="checkResponseBody" time="0.007"/>
  <testcase classname="com.reqres.TestCases.TC001_GET_AllUsers" name="checkStatusCode" time="0.005"/>
  <testcase classname="com.reqres.TestCases.TC001_GET_AllUsers" name="checkStatusLine" time="0.004"/>
  <testcase classname="com.reqres.TestCases.TC001_GET_AllUsers" name="checkResponseTime" time="0.004"/>
  <testcase classname="com.reqres.TestCases.TC001_GET_AllUsers" name="checkContentType" time="0.004"/>
  <testcase classname="com.reqres.TestCases.TC003_POST_Userdetail" name="validateResponseBody" time="0.006"/>
  <testcase classname="com.reqres.TestCases.TC003_POST_Userdetail" name="checkResponseBody" time="0.009">
    <failure type="java.lang.AssertionError" message="Test failed due to an exception: Schema to use cannot be null">
      <![CDATA[java.lang.AssertionError: Test failed due to an exception: Schema to use cannot be null
at com.reqres.Base.BaseClass.checkResponseBody(BaseClass.java:196)
at com.reqres.TestCases.TC003_POST_Userdetail.checkResponseBody(TC003_POST_Userdetail.java:52)
at java.base/java.util.ArrayList.forEach(ArrayList.java:1511)
... Removed 28 stack frames]]>
    </failure>
  </testcase> <!-- checkResponseBody -->
  <testcase classname="com.reqres.TestCases.TC003_POST_Userdetail" name="checkStatusCode" time="0.004"/>
  <testcase classname="com.reqres.TestCases.TC003_POST_Userdetail" name="checkStatusLine" time="0.004"/>
  <testcase classname="com.reqres.TestCases.TC003_POST_Userdetail" name="checkContentType" time="0.003"/>
  <testcase classname="com.reqres.TestCases.TC004_PUT_Userdetail" name="checkResponseBody" time="0.004">
    <failure type="java.lang.AssertionError" message="Test failed due to an exception: Schema to use cannot be null">
      <![CDATA[java.lang.AssertionError: Test failed due to an exception: Schema to use cannot be null
at com.reqres.Base.BaseClass.checkResponseBody(BaseClass.java:196)
at com.reqres.TestCases.TC004_PUT_Userdetail.checkResponseBody(TC004_PUT_Userdetail.java:44)
at java.base/java.util.ArrayList.forEach(ArrayList.java:1511)
... Removed 28 stack frames]]>
    </failure>
  </testcase> <!-- checkResponseBody -->
  <testcase classname="com.reqres.TestCases.TC004_PUT_Userdetail" name="checkStatusCode" time="0.003"/>
  <testcase classname="com.reqres.TestCases.TC004_PUT_Userdetail" name="checkStatusLine" time="0.005"/>
  <testcase classname="com.reqres.TestCases.TC004_PUT_Userdetail" name="checkContentType" time="0.005"/>
  <testcase classname="com.reqres.TestCases.TC005_DELETE_Userdetail" name="validateResponseBody" time="0.005"/>
  <testcase classname="com.reqres.TestCases.TC005_DELETE_Userdetail" name="checkStatusCode" time="0.004"/>
  <testcase classname="com.reqres.TestCases.TC005_DELETE_Userdetail" name="checkStatusLine" time="0.003"/>
  <testcase classname="com.reqres.TestCases.Authentication" name="BasicAuth" time="1.569"/>
  <testcase classname="com.reqres.TestCases.Authentication" name="BearerTokenGithubRepo" time="0.561"/>
  <testcase classname="com.reqres.Base.BaseClass" name="@BeforeSuite setup" time="0.0">
    <ignored/>
  </testcase> <!-- @BeforeSuite setup -->
  <testcase classname="com.reqres.Base.BaseClass" name="@BeforeSuite setup" time="0.0">
    <ignored/>
  </testcase> <!-- @BeforeSuite setup -->
  <testcase classname="com.reqres.Base.BaseClass" name="@BeforeSuite setup" time="0.0">
    <ignored/>
  </testcase> <!-- @BeforeSuite setup -->
  <testcase classname="com.reqres.Base.BaseClass" name="@BeforeSuite setup" time="0.0">
    <ignored/>
  </testcase> <!-- @BeforeSuite setup -->
  <testcase classname="com.reqres.Base.BaseClass" name="@BeforeSuite setup" time="0.0">
    <ignored/>
  </testcase> <!-- @BeforeSuite setup -->
</testsuite> <!-- ReqresRestAPISuite -->
