<?xml version="1.0" encoding="UTF-8"?>
<!-- Generated by org.testng.reporters.JUnitXMLReporter -->
<testsuite ignored="5" hostname="L-INE-JDPCQG3" failures="0" tests="24" name="ReqresRestAPISuite" time="8.725" errors="0" timestamp="2023-11-27T12:29:11 IST">
  <testcase classname="com.reqres.TestCases.TC002_GET_SingleUser" name="checkResponseBody" time="0.061"/>
  <testcase classname="com.reqres.TestCases.TC002_GET_SingleUser" name="checkStatusCode" time="0.003"/>
  <testcase classname="com.reqres.TestCases.TC002_GET_SingleUser" name="checkStatusLine" time="0.004"/>
  <testcase classname="com.reqres.TestCases.TC002_GET_SingleUser" name="checkResponseTime" time="0.005"/>
  <testcase classname="com.reqres.TestCases.TC002_GET_SingleUser" name="checkContentType" time="0.003"/>
  <testcase classname="com.reqres.TestCases.TC001_GET_AllUsers" name="checkResponseBody" time="0.006"/>
  <testcase classname="com.reqres.TestCases.TC001_GET_AllUsers" name="checkStatusCode" time="0.004"/>
  <testcase classname="com.reqres.TestCases.TC001_GET_AllUsers" name="checkStatusLine" time="0.004"/>
  <testcase classname="com.reqres.TestCases.TC001_GET_AllUsers" name="checkResponseTime" time="0.002"/>
  <testcase classname="com.reqres.TestCases.TC001_GET_AllUsers" name="checkContentType" time="0.003"/>
  <testcase classname="com.reqres.TestCases.TC003_POST_Userdetail" name="validateResponseBody" time="0.004"/>
  <testcase classname="com.reqres.TestCases.TC003_POST_Userdetail" name="checkResponseBody" time="0.004"/>
  <testcase classname="com.reqres.TestCases.TC003_POST_Userdetail" name="checkStatusCode" time="0.003"/>
  <testcase classname="com.reqres.TestCases.TC003_POST_Userdetail" name="checkStatusLine" time="0.004"/>
  <testcase classname="com.reqres.TestCases.TC003_POST_Userdetail" name="checkContentType" time="0.002"/>
  <testcase classname="com.reqres.TestCases.TC004_PUT_Userdetail" name="checkResponseBody" time="0.003"/>
  <testcase classname="com.reqres.TestCases.TC004_PUT_Userdetail" name="checkStatusCode" time="0.002"/>
  <testcase classname="com.reqres.TestCases.TC004_PUT_Userdetail" name="checkStatusLine" time="0.001"/>
  <testcase classname="com.reqres.TestCases.TC004_PUT_Userdetail" name="checkContentType" time="0.002"/>
  <testcase classname="com.reqres.TestCases.TC005_DELETE_Userdetail" name="validateResponseBody" time="0.004"/>
  <testcase classname="com.reqres.TestCases.TC005_DELETE_Userdetail" name="checkStatusCode" time="0.003"/>
  <testcase classname="com.reqres.TestCases.TC005_DELETE_Userdetail" name="checkStatusLine" time="0.003"/>
  <testcase classname="com.reqres.TestCases.Authentication" name="BasicAuth" time="1.268"/>
  <testcase classname="com.reqres.TestCases.Authentication" name="BearerTokenGithubRepo" time="0.487"/>
  <testcase classname="com.reqres.Base.BaseClass" name="@BeforeSuite setup" time="0.0">
    <ignored/>
  </testcase> <!-- @BeforeSuite setup -->
  <testcase classname="com.reqres.Base.BaseClass" name="@BeforeSuite setup" time="0.0">
    <ignored/>
  </testcase> <!-- @BeforeSuite setup -->
  <testcase classname="com.reqres.Base.BaseClass" name="@BeforeSuite setup" time="0.0">
    <ignored/>
  </testcase> <!-- @BeforeSuite setup -->
  <testcase classname="com.reqres.Base.BaseClass" name="@BeforeSuite setup" time="0.0">
    <ignored/>
  </testcase> <!-- @BeforeSuite setup -->
  <testcase classname="com.reqres.Base.BaseClass" name="@BeforeSuite setup" time="0.0">
    <ignored/>
  </testcase> <!-- @BeforeSuite setup -->
</testsuite> <!-- ReqresRestAPISuite -->
