<?xml version="1.0" encoding="UTF-8"?>
<testng-results ignored="0" total="3" passed="3" failed="0" skipped="0">
  <reporter-output>
  </reporter-output>
  <suite started-at="2023-11-18T23:21:37 IST" name="Default suite" finished-at="2023-11-18T23:21:39 IST" duration-ms="2784">
    <groups>
    </groups>
    <test started-at="2023-11-18T23:21:37 IST" name="Default test" finished-at="2023-11-18T23:21:39 IST" duration-ms="2784">
      <class name="com.reqres.TestCases.TC005_DELETE_Userdetail">
        <test-method is-config="true" signature="setup()[pri:0, instance:com.reqres.TestCases.TC005_DELETE_Userdetail@3a7b503d]" started-at="2023-11-18T23:21:37 IST" name="setup" finished-at="2023-11-18T23:21:37 IST" duration-ms="52" status="PASS">
          <reporter-output>
          </reporter-output>
        </test-method> <!-- setup -->
        <test-method is-config="true" signature="deleteUserDetail()[pri:0, instance:com.reqres.TestCases.TC005_DELETE_Userdetail@3a7b503d]" started-at="2023-11-18T23:21:37 IST" name="deleteUserDetail" finished-at="2023-11-18T23:21:39 IST" duration-ms="2613" status="PASS">
          <reporter-output>
          </reporter-output>
        </test-method> <!-- deleteUserDetail -->
        <test-method signature="validateResponseBody()[pri:1, instance:com.reqres.TestCases.TC005_DELETE_Userdetail@3a7b503d]" started-at="2023-11-18T23:21:39 IST" name="validateResponseBody" description="Validating the ResponseBody" finished-at="2023-11-18T23:21:39 IST" duration-ms="41" status="PASS">
          <reporter-output>
          </reporter-output>
        </test-method> <!-- validateResponseBody -->
        <test-method signature="checkStatusCode()[pri:2, instance:com.reqres.TestCases.TC005_DELETE_Userdetail@3a7b503d]" started-at="2023-11-18T23:21:39 IST" name="checkStatusCode" description="Validating the StatusCode" finished-at="2023-11-18T23:21:39 IST" duration-ms="5" status="PASS">
          <reporter-output>
          </reporter-output>
        </test-method> <!-- checkStatusCode -->
        <test-method signature="checkStatusLine()[pri:3, instance:com.reqres.TestCases.TC005_DELETE_Userdetail@3a7b503d]" started-at="2023-11-18T23:21:39 IST" name="checkStatusLine" description="Validating the StatusLine" finished-at="2023-11-18T23:21:39 IST" duration-ms="3" status="PASS">
          <reporter-output>
          </reporter-output>
        </test-method> <!-- checkStatusLine -->
        <test-method is-config="true" signature="teardown()[pri:0, instance:com.reqres.TestCases.TC005_DELETE_Userdetail@3a7b503d]" started-at="2023-11-18T23:21:39 IST" name="teardown" finished-at="2023-11-18T23:21:39 IST" duration-ms="4" status="PASS">
          <reporter-output>
          </reporter-output>
        </test-method> <!-- teardown -->
      </class> <!-- com.reqres.TestCases.TC005_DELETE_Userdetail -->
    </test> <!-- Default test -->
  </suite> <!-- Default suite -->
</testng-results>
