<?xml version="1.0" encoding="UTF-8"?>
<testng-results ignored="0" total="22" passed="22" failed="0" skipped="0">
  <reporter-output>
  </reporter-output>
  <suite started-at="2023-11-16T14:49:12 IST" name="ReqresRestAPISuite" finished-at="2023-11-16T14:49:20 IST" duration-ms="8129">
    <groups>
    </groups>
    <test started-at="2023-11-16T14:49:12 IST" name="ReqresRestAPISuite" finished-at="2023-11-16T14:49:20 IST" duration-ms="8129">
      <class name="com.reqres.TestCases.TC003_POST_Userdetail">
        <test-method is-config="true" signature="addNewUser()[pri:0, instance:com.reqres.TestCases.TC003_POST_Userdetail@52d10fb8]" started-at="2023-11-16T14:49:15 IST" name="addNewUser" finished-at="2023-11-16T14:49:17 IST" duration-ms="1581" status="PASS">
          <reporter-output>
          </reporter-output>
        </test-method> <!-- addNewUser -->
        <test-method signature="validateResponseBody()[pri:1, instance:com.reqres.TestCases.TC003_POST_Userdetail@52d10fb8]" started-at="2023-11-16T14:49:17 IST" name="validateResponseBody" description="Validating the ResponseBody" finished-at="2023-11-16T14:49:17 IST" duration-ms="4" status="PASS">
          <reporter-output>
          </reporter-output>
        </test-method> <!-- validateResponseBody -->
        <test-method signature="checkResponseBody()[pri:2, instance:com.reqres.TestCases.TC003_POST_Userdetail@52d10fb8]" started-at="2023-11-16T14:49:17 IST" name="checkResponseBody" description="Checking ResponseBody" finished-at="2023-11-16T14:49:17 IST" duration-ms="4" status="PASS">
          <reporter-output>
          </reporter-output>
        </test-method> <!-- checkResponseBody -->
        <test-method signature="checkStatusCode()[pri:3, instance:com.reqres.TestCases.TC003_POST_Userdetail@52d10fb8]" started-at="2023-11-16T14:49:17 IST" name="checkStatusCode" description="Validating the StatusCode" finished-at="2023-11-16T14:49:17 IST" duration-ms="2" status="PASS">
          <reporter-output>
          </reporter-output>
        </test-method> <!-- checkStatusCode -->
        <test-method signature="checkStatusLine()[pri:4, instance:com.reqres.TestCases.TC003_POST_Userdetail@52d10fb8]" started-at="2023-11-16T14:49:17 IST" name="checkStatusLine" description="Validating the StatusLine" finished-at="2023-11-16T14:49:17 IST" duration-ms="3" status="PASS">
          <reporter-output>
          </reporter-output>
        </test-method> <!-- checkStatusLine -->
        <test-method signature="checkContentType()[pri:5, instance:com.reqres.TestCases.TC003_POST_Userdetail@52d10fb8]" started-at="2023-11-16T14:49:17 IST" name="checkContentType" description="Validating the ContentType" finished-at="2023-11-16T14:49:17 IST" duration-ms="3" status="PASS">
          <reporter-output>
          </reporter-output>
        </test-method> <!-- checkContentType -->
        <test-method is-config="true" signature="teardown()[pri:0, instance:com.reqres.TestCases.TC003_POST_Userdetail@52d10fb8]" started-at="2023-11-16T14:49:17 IST" name="teardown" finished-at="2023-11-16T14:49:17 IST" duration-ms="1" status="PASS">
          <reporter-output>
          </reporter-output>
        </test-method> <!-- teardown -->
      </class> <!-- com.reqres.TestCases.TC003_POST_Userdetail -->
      <class name="com.reqres.TestCases.TC005_DELETE_Userdetail">
        <test-method is-config="true" signature="deleteUserDetail()[pri:0, instance:com.reqres.TestCases.TC005_DELETE_Userdetail@1fe8d51b]" started-at="2023-11-16T14:49:17 IST" name="deleteUserDetail" finished-at="2023-11-16T14:49:20 IST" duration-ms="2618" status="PASS">
          <reporter-output>
          </reporter-output>
        </test-method> <!-- deleteUserDetail -->
        <test-method signature="validateResponseBody()[pri:1, instance:com.reqres.TestCases.TC005_DELETE_Userdetail@1fe8d51b]" started-at="2023-11-16T14:49:20 IST" name="validateResponseBody" description="Validating the ResponseBody" finished-at="2023-11-16T14:49:20 IST" duration-ms="3" status="PASS">
          <reporter-output>
          </reporter-output>
        </test-method> <!-- validateResponseBody -->
        <test-method signature="checkStatusCode()[pri:2, instance:com.reqres.TestCases.TC005_DELETE_Userdetail@1fe8d51b]" started-at="2023-11-16T14:49:20 IST" name="checkStatusCode" description="Validating the StatusCode" finished-at="2023-11-16T14:49:20 IST" duration-ms="2" status="PASS">
          <reporter-output>
          </reporter-output>
        </test-method> <!-- checkStatusCode -->
        <test-method signature="checkStatusLine()[pri:3, instance:com.reqres.TestCases.TC005_DELETE_Userdetail@1fe8d51b]" started-at="2023-11-16T14:49:20 IST" name="checkStatusLine" description="Validating the StatusLine" finished-at="2023-11-16T14:49:20 IST" duration-ms="3" status="PASS">
          <reporter-output>
          </reporter-output>
        </test-method> <!-- checkStatusLine -->
        <test-method is-config="true" signature="teardown()[pri:0, instance:com.reqres.TestCases.TC005_DELETE_Userdetail@1fe8d51b]" started-at="2023-11-16T14:49:20 IST" name="teardown" finished-at="2023-11-16T14:49:20 IST" duration-ms="0" status="PASS">
          <reporter-output>
          </reporter-output>
        </test-method> <!-- teardown -->
      </class> <!-- com.reqres.TestCases.TC005_DELETE_Userdetail -->
      <class name="com.reqres.TestCases.TC002_GET_SingleUser">
        <test-method is-config="true" signature="setup()[pri:0, instance:com.reqres.TestCases.TC002_GET_SingleUser@1edb61b1]" started-at="2023-11-16T14:49:12 IST" name="setup" finished-at="2023-11-16T14:49:12 IST" duration-ms="96" status="PASS">
          <reporter-output>
          </reporter-output>
        </test-method> <!-- setup -->
        <test-method is-config="true" signature="getSingleUsersData()[pri:0, instance:com.reqres.TestCases.TC002_GET_SingleUser@1edb61b1]" started-at="2023-11-16T14:49:12 IST" name="getSingleUsersData" finished-at="2023-11-16T14:49:14 IST" duration-ms="1643" status="PASS">
          <reporter-output>
          </reporter-output>
        </test-method> <!-- getSingleUsersData -->
        <test-method signature="checkResponseBody()[pri:1, instance:com.reqres.TestCases.TC002_GET_SingleUser@1edb61b1]" started-at="2023-11-16T14:49:14 IST" name="checkResponseBody" description="Validating the ResponseBody" finished-at="2023-11-16T14:49:14 IST" duration-ms="93" status="PASS">
          <reporter-output>
          </reporter-output>
        </test-method> <!-- checkResponseBody -->
        <test-method signature="checkStatusCode()[pri:2, instance:com.reqres.TestCases.TC002_GET_SingleUser@1edb61b1]" started-at="2023-11-16T14:49:14 IST" name="checkStatusCode" description="Validating the StatusCode" finished-at="2023-11-16T14:49:14 IST" duration-ms="3" status="PASS">
          <reporter-output>
          </reporter-output>
        </test-method> <!-- checkStatusCode -->
        <test-method signature="checkStatusLine()[pri:3, instance:com.reqres.TestCases.TC002_GET_SingleUser@1edb61b1]" started-at="2023-11-16T14:49:14 IST" name="checkStatusLine" description="Validating the StatusLine" finished-at="2023-11-16T14:49:14 IST" duration-ms="3" status="PASS">
          <reporter-output>
          </reporter-output>
        </test-method> <!-- checkStatusLine -->
        <test-method signature="checkResponseTime()[pri:4, instance:com.reqres.TestCases.TC002_GET_SingleUser@1edb61b1]" started-at="2023-11-16T14:49:14 IST" name="checkResponseTime" description="Validating the ResponseTime" finished-at="2023-11-16T14:49:14 IST" duration-ms="5" status="PASS">
          <reporter-output>
          </reporter-output>
        </test-method> <!-- checkResponseTime -->
        <test-method signature="checkContentType()[pri:5, instance:com.reqres.TestCases.TC002_GET_SingleUser@1edb61b1]" started-at="2023-11-16T14:49:14 IST" name="checkContentType" description="Validating the ContentType" finished-at="2023-11-16T14:49:14 IST" duration-ms="3" status="PASS">
          <reporter-output>
          </reporter-output>
        </test-method> <!-- checkContentType -->
        <test-method is-config="true" signature="teardown()[pri:0, instance:com.reqres.TestCases.TC002_GET_SingleUser@1edb61b1]" started-at="2023-11-16T14:49:14 IST" name="teardown" finished-at="2023-11-16T14:49:14 IST" duration-ms="3" status="PASS">
          <reporter-output>
          </reporter-output>
        </test-method> <!-- teardown -->
      </class> <!-- com.reqres.TestCases.TC002_GET_SingleUser -->
      <class name="com.reqres.TestCases.TC004_PUT_Userdetail">
        <test-method is-config="true" signature="updateUserDetail()[pri:0, instance:com.reqres.TestCases.TC004_PUT_Userdetail@41c07648]" started-at="2023-11-16T14:49:17 IST" name="updateUserDetail" finished-at="2023-11-16T14:49:17 IST" duration-ms="679" status="PASS">
          <reporter-output>
          </reporter-output>
        </test-method> <!-- updateUserDetail -->
        <test-method signature="checkResponseBody()[pri:1, instance:com.reqres.TestCases.TC004_PUT_Userdetail@41c07648]" started-at="2023-11-16T14:49:17 IST" name="checkResponseBody" description="Checking ResponseBody" finished-at="2023-11-16T14:49:17 IST" duration-ms="5" status="PASS">
          <reporter-output>
          </reporter-output>
        </test-method> <!-- checkResponseBody -->
        <test-method signature="checkStatusCode()[pri:2, instance:com.reqres.TestCases.TC004_PUT_Userdetail@41c07648]" started-at="2023-11-16T14:49:17 IST" name="checkStatusCode" description="Validating the StatusCode" finished-at="2023-11-16T14:49:17 IST" duration-ms="3" status="PASS">
          <reporter-output>
          </reporter-output>
        </test-method> <!-- checkStatusCode -->
        <test-method signature="checkStatusLine()[pri:3, instance:com.reqres.TestCases.TC004_PUT_Userdetail@41c07648]" started-at="2023-11-16T14:49:17 IST" name="checkStatusLine" description="Validating the StatusLine" finished-at="2023-11-16T14:49:17 IST" duration-ms="6" status="PASS">
          <reporter-output>
          </reporter-output>
        </test-method> <!-- checkStatusLine -->
        <test-method signature="checkContentType()[pri:4, instance:com.reqres.TestCases.TC004_PUT_Userdetail@41c07648]" started-at="2023-11-16T14:49:17 IST" name="checkContentType" description="Validating the ContentType" finished-at="2023-11-16T14:49:17 IST" duration-ms="3" status="PASS">
          <reporter-output>
          </reporter-output>
        </test-method> <!-- checkContentType -->
        <test-method is-config="true" signature="teardown()[pri:0, instance:com.reqres.TestCases.TC004_PUT_Userdetail@41c07648]" started-at="2023-11-16T14:49:17 IST" name="teardown" finished-at="2023-11-16T14:49:17 IST" duration-ms="2" status="PASS">
          <reporter-output>
          </reporter-output>
        </test-method> <!-- teardown -->
      </class> <!-- com.reqres.TestCases.TC004_PUT_Userdetail -->
      <class name="com.reqres.TestCases.TC001_GET_AllUsers">
        <test-method is-config="true" signature="getAllUsersData()[pri:0, instance:com.reqres.TestCases.TC001_GET_AllUsers@49a64d82]" started-at="2023-11-16T14:49:14 IST" name="getAllUsersData" finished-at="2023-11-16T14:49:15 IST" duration-ms="1061" status="PASS">
          <reporter-output>
          </reporter-output>
        </test-method> <!-- getAllUsersData -->
        <test-method signature="checkResponseBody()[pri:1, instance:com.reqres.TestCases.TC001_GET_AllUsers@49a64d82]" started-at="2023-11-16T14:49:15 IST" name="checkResponseBody" description="Validating the ResponseBody" finished-at="2023-11-16T14:49:15 IST" duration-ms="9" status="PASS">
          <reporter-output>
          </reporter-output>
        </test-method> <!-- checkResponseBody -->
        <test-method signature="checkStatusCode()[pri:2, instance:com.reqres.TestCases.TC001_GET_AllUsers@49a64d82]" started-at="2023-11-16T14:49:15 IST" name="checkStatusCode" description="Validating the StatusCode" finished-at="2023-11-16T14:49:15 IST" duration-ms="5" status="PASS">
          <reporter-output>
          </reporter-output>
        </test-method> <!-- checkStatusCode -->
        <test-method signature="checkStatusLine()[pri:3, instance:com.reqres.TestCases.TC001_GET_AllUsers@49a64d82]" started-at="2023-11-16T14:49:15 IST" name="checkStatusLine" description="Validating the StatusLine" finished-at="2023-11-16T14:49:15 IST" duration-ms="2" status="PASS">
          <reporter-output>
          </reporter-output>
        </test-method> <!-- checkStatusLine -->
        <test-method signature="checkResponseTime()[pri:4, instance:com.reqres.TestCases.TC001_GET_AllUsers@49a64d82]" started-at="2023-11-16T14:49:15 IST" name="checkResponseTime" description="Validating the ResponseTime" finished-at="2023-11-16T14:49:15 IST" duration-ms="4" status="PASS">
          <reporter-output>
          </reporter-output>
        </test-method> <!-- checkResponseTime -->
        <test-method signature="checkContentType()[pri:5, instance:com.reqres.TestCases.TC001_GET_AllUsers@49a64d82]" started-at="2023-11-16T14:49:15 IST" name="checkContentType" description="Validating the ContentType" finished-at="2023-11-16T14:49:15 IST" duration-ms="4" status="PASS">
          <reporter-output>
          </reporter-output>
        </test-method> <!-- checkContentType -->
        <test-method is-config="true" signature="teardown()[pri:0, instance:com.reqres.TestCases.TC001_GET_AllUsers@49a64d82]" started-at="2023-11-16T14:49:15 IST" name="teardown" finished-at="2023-11-16T14:49:15 IST" duration-ms="1" status="PASS">
          <reporter-output>
          </reporter-output>
        </test-method> <!-- teardown -->
      </class> <!-- com.reqres.TestCases.TC001_GET_AllUsers -->
    </test> <!-- ReqresRestAPISuite -->
  </suite> <!-- ReqresRestAPISuite -->
</testng-results>
