<?xml version="1.0" encoding="UTF-8"?>
<!-- Generated by org.testng.reporters.JUnitXMLReporter -->
<testsuite ignored="0" hostname="L-INE-JDPCQG3" failures="0" tests="5" name="Default test" time="2.379" errors="0" timestamp="2023-11-15T12:23:25 IST">
  <testcase classname="com.reqres.TestCases.TC001_GET_AllUsers" name="checkContentType" time="0.04"/>
  <testcase classname="com.reqres.TestCases.TC001_GET_AllUsers" name="checkResponseBody" time="0.064"/>
  <testcase classname="com.reqres.TestCases.TC001_GET_AllUsers" name="checkResponseTime" time="0.011"/>
  <testcase classname="com.reqres.TestCases.TC001_GET_AllUsers" name="checkStatusCode" time="0.004"/>
  <testcase classname="com.reqres.TestCases.TC001_GET_AllUsers" name="checkStatusLine" time="0.004"/>
</testsuite> <!-- Default test -->
